<?xml version="1.0" encoding="UTF-8"?>
<!-- Generated by org.testng.reporters.JUnitXMLReporter -->
<testsuite ignored="0" hostname="system-7" failures="1" tests="1" name="Test" time="7.423" errors="0" timestamp="2025-12-30T12:25:54 IST">
  <testcase classname="testCases.LoginTest" name="verifyLogin" time="0.0">
    <failure type="java.lang.RuntimeException" message="java.io.FileNotFoundException: D:\rahul\OrangeHrm2\src\test\resources\testdata\LoginDatas.xlsx (The system cannot find the path specified)">
      <![CDATA[java.lang.RuntimeException: java.io.FileNotFoundException: D:\rahul\OrangeHrm2\src\test\resources\testdata\LoginDatas.xlsx (The system cannot find the path specified)
at java.base/java.util.ArrayList.forEach(ArrayList.java:1597)
Caused by: java.io.FileNotFoundException: D:\rahul\OrangeHrm2\src\test\resources\testdata\LoginDatas.xlsx (The system cannot find the path specified)
at java.base/java.io.FileInputStream.open0(Native Method)
at java.base/java.io.FileInputStream.open(FileInputStream.java:219)
at java.base/java.io.FileInputStream.<init>(FileInputStream.java:159)
at utilities.ExcelUtils.getExcelData(ExcelUtils.java:13)
at testCases.LoginTest.getData(LoginTest.java:42)
... 25 more
... Removed 30 stack frames]]>
    </failure>
  </testcase> <!-- verifyLogin -->
</testsuite> <!-- Test -->
